[21:45:08] [ServerMain/INFO]: Building unoptimized datafixer
[21:45:10] [ServerMain/INFO]: Environment: authHost='https://authserver.mojang.com', accountsHost='https://api.mojang.com', sessionHost='https://sessionserver.mojang.com', servicesHost='https://api.minecraftservices.com', name='PROD'
[21:45:10] [ServerMain/INFO]: Found new data pack file/bukkit, loading it automatically
[21:45:14] [ServerMain/INFO]: Loaded 7 recipes
[21:45:18] [Server thread/INFO]: Starting minecraft server version 1.19.2
[21:45:18] [Server thread/WARN]: ****************************
[21:45:18] [Server thread/WARN]: YOU ARE RUNNING THIS SERVER AS AN ADMINISTRATIVE OR ROOT USER. THIS IS NOT ADVISED.
[21:45:18] [Server thread/WARN]: YOU ARE OPENING YOURSELF UP TO POTENTIAL RISKS WHEN DOING THIS.
[21:45:18] [Server thread/WARN]: FOR MORE INFORMATION, SEE https://madelinemiller.dev/blog/root-minecraft-server/
[21:45:18] [Server thread/WARN]: ****************************
[21:45:18] [Server thread/INFO]: Loading properties
[21:45:18] [Server thread/INFO]: This server is running Paper version git-Paper-303 (MC: 1.19.2) (Implementing API version 1.19.2-R0.1-SNAPSHOT) (Git: ec6a9a3)
[21:45:18] [Server thread/INFO]: Server Ping Player Sample Count: 12
[21:45:18] [Server thread/INFO]: Using 4 threads for Netty based IO
[21:45:19] [Server thread/INFO]: [ChunkTaskScheduler] Chunk system is using 1 I/O threads, 1 worker threads, and gen parallelism of 1 threads
[21:45:19] [Server thread/INFO]: Default game type: SURVIVAL
[21:45:19] [Server thread/INFO]: Generating keypair
[21:45:19] [Server thread/INFO]: Starting Minecraft server on *:25565
[21:45:19] [Server thread/INFO]: Using epoll channel type
[21:45:19] [Server thread/INFO]: Paper: Using libdeflate (Linux x86_64) compression from Velocity.
[21:45:19] [Server thread/INFO]: Paper: Using OpenSSL 1.0.x (Linux x86_64) cipher from Velocity.
[21:45:20] [Server thread/INFO]: Server permissions file permissions.yml is empty, ignoring it
[21:45:20] [Server thread/INFO]: Preparing level "world"
[21:45:49] [Server thread/INFO]: Preparing start region for dimension minecraft:overworld
[21:45:50] [Server thread/INFO]: Time elapsed: 302 ms
[21:45:50] [Server thread/INFO]: Preparing start region for dimension minecraft:the_nether
[21:45:50] [Server thread/INFO]: Time elapsed: 208 ms
[21:45:50] [Server thread/INFO]: Preparing start region for dimension minecraft:the_end
[21:45:50] [Server thread/INFO]: Time elapsed: 233 ms
[21:45:50] [Server thread/INFO]: Running delayed init tasks
[21:45:50] [Server thread/INFO]: Done (32.176s)! For help, type "help"
[21:45:50] [Server thread/INFO]: Timings Reset
[21:46:32] [Server thread/INFO]: Made iNoahZ a server operator
[21:48:40] [User Authenticator #0/INFO]: UUID of player iNoahZ is bcd6146c-2774-4728-af94-9c535c773c0d
[21:48:40] [Server thread/INFO]: iNoahZ joined the game
[21:48:40] [Server thread/INFO]: iNoahZ[/207.38.134.25:65165] logged in with entity id 260 at ([world]-129.5, 65.0, -8.5)
[21:53:59] [Server thread/INFO]: Stopping server
[21:53:59] [Server thread/INFO]: Saving players
[21:53:59] [Server thread/INFO]: iNoahZ lost connection: Server closed
[21:53:59] [Server thread/INFO]: iNoahZ left the game
